[19-Feb-2025 18:39:11 Indian/Mauritius] Attempting to send password reset email to: itachimav@gmail.com
[19-Feb-2025 18:39:11 Indian/Mauritius] Mail send result: Mail::__set_state(array(
))
[19-Feb-2025 18:39:11 Indian/Mauritius] Failed to send password reset email. Mail result: Mail::__set_state(array(
))
[19-Feb-2025 18:56:10 Indian/Mauritius] PHP Fatal error:  Uncaught Error: Call to undefined method Mail::sendMail() in /Applications/XAMPP/xamppfiles/htdocs/Classes/User.php:532
Stack trace:
#0 /Applications/XAMPP/xamppfiles/htdocs/forgetPassword.php(28): User::forgetPassword('itachimav@gmail...')
#1 {main}
  thrown in /Applications/XAMPP/xamppfiles/htdocs/Classes/User.php on line 532
[24-Feb-2025 08:12:07 Europe/Berlin] PHP Fatal error:  Uncaught mysqli_sql_exception: Unknown database 'credit_management' in C:\xampp\htdocs\Classes\Database.php:7
Stack trace:
#0 C:\xampp\htdocs\Classes\Database.php(7): mysqli->__construct('localhost', 'root', Object(SensitiveParameterValue), 'credit_manageme...')
#1 C:\xampp\htdocs\Classes\User.php(361): Database::getConnection()
#2 C:\xampp\htdocs\Classes\UserAuth.php(18): User::findByEmail('swaema04@gmail....')
#3 C:\xampp\htdocs\login.php(31): UserAuth::login('swaema04@gmail....', 'Swaema04@')
#4 {main}
  thrown in C:\xampp\htdocs\Classes\Database.php on line 7
[26-Feb-2025 13:24:32 Europe/Berlin] PHP Fatal error:  Uncaught mysqli_sql_exception: No connection could be made because the target machine actively refused it in C:\xampp\htdocs\Classes\Database.php:7
Stack trace:
#0 C:\xampp\htdocs\Classes\Database.php(7): mysqli->__construct('localhost', 'root', Object(SensitiveParameterValue), 'credit_manageme...')
#1 C:\xampp\htdocs\Classes\User.php(361): Database::getConnection()
#2 C:\xampp\htdocs\Classes\UserAuth.php(18): User::findByEmail('swaema04@gmail....')
#3 C:\xampp\htdocs\login.php(31): UserAuth::login('swaema04@gmail....', 'Swaema04@')
#4 {main}
  thrown in C:\xampp\htdocs\Classes\Database.php on line 7
[26-Feb-2025 17:21:24 Europe/Berlin] PHP Warning:  require_once(../Classes/User.php): Failed to open stream: No such file or directory in C:\xampp\htdocs\Classes\Lender.php on line 2
[26-Feb-2025 17:21:24 Europe/Berlin] PHP Fatal error:  Uncaught Error: Failed opening required '../Classes/User.php' (include_path='C:\xampp\php\PEAR') in C:\xampp\htdocs\Classes\Lender.php:2
Stack trace:
#0 C:\xampp\htdocs\login.php(14): require_once()
#1 {main}
  thrown in C:\xampp\htdocs\Classes\Lender.php on line 2
[26-Feb-2025 17:22:09 Europe/Berlin] PHP Warning:  require_once(./User.php): Failed to open stream: No such file or directory in C:\xampp\htdocs\Classes\Lender.php on line 2
[26-Feb-2025 17:22:09 Europe/Berlin] PHP Fatal error:  Uncaught Error: Failed opening required './User.php' (include_path='C:\xampp\php\PEAR') in C:\xampp\htdocs\Classes\Lender.php:2
Stack trace:
#0 C:\xampp\htdocs\login.php(14): require_once()
#1 {main}
  thrown in C:\xampp\htdocs\Classes\Lender.php on line 2
[26-Feb-2025 17:22:41 Europe/Berlin] PHP Warning:  require_once(/Classes/User.php): Failed to open stream: No such file or directory in C:\xampp\htdocs\Classes\Lender.php on line 2
[26-Feb-2025 17:22:41 Europe/Berlin] PHP Fatal error:  Uncaught Error: Failed opening required '/Classes/User.php' (include_path='C:\xampp\php\PEAR') in C:\xampp\htdocs\Classes\Lender.php:2
Stack trace:
#0 C:\xampp\htdocs\login.php(14): require_once()
#1 {main}
  thrown in C:\xampp\htdocs\Classes\Lender.php on line 2
[26-Feb-2025 17:23:01 Europe/Berlin] PHP Warning:  require_once(\Classes\User.php): Failed to open stream: No such file or directory in C:\xampp\htdocs\Classes\Lender.php on line 2
[26-Feb-2025 17:23:01 Europe/Berlin] PHP Fatal error:  Uncaught Error: Failed opening required '\Classes\User.php' (include_path='C:\xampp\php\PEAR') in C:\xampp\htdocs\Classes\Lender.php:2
Stack trace:
#0 C:\xampp\htdocs\login.php(14): require_once()
#1 {main}
  thrown in C:\xampp\htdocs\Classes\Lender.php on line 2
[26-Feb-2025 17:23:09 Europe/Berlin] PHP Warning:  require_once(\User.php): Failed to open stream: No such file or directory in C:\xampp\htdocs\Classes\Lender.php on line 2
[26-Feb-2025 17:23:09 Europe/Berlin] PHP Fatal error:  Uncaught Error: Failed opening required '\User.php' (include_path='C:\xampp\php\PEAR') in C:\xampp\htdocs\Classes\Lender.php:2
Stack trace:
#0 C:\xampp\htdocs\login.php(14): require_once()
#1 {main}
  thrown in C:\xampp\htdocs\Classes\Lender.php on line 2
[02-Mar-2025 18:30:04 UTC] PHP Fatal error:  Uncaught Error: Class "Kint\Kint" not found in /var/www/credit-management-latest/Classes/UserAuth.php:21
Stack trace:
#0 /var/www/credit-management-latest/login.php(32): UserAuth::login()
#1 {main}
  thrown in /var/www/credit-management-latest/Classes/UserAuth.php on line 21
[02-Mar-2025 18:32:23 UTC] PHP Fatal error:  Uncaught Error: Class "Kint\Kint" not found in /var/www/credit-management-latest/Classes/UserAuth.php:21
Stack trace:
#0 /var/www/credit-management-latest/login.php(32): UserAuth::login()
#1 {main}
  thrown in /var/www/credit-management-latest/Classes/UserAuth.php on line 21
[02-Mar-2025 18:33:05 UTC] PHP Warning:  include(../vendor/autoload.php): Failed to open stream: No such file or directory in /var/www/credit-management-latest/Classes/UserAuth.php on line 2
[02-Mar-2025 18:33:05 UTC] PHP Warning:  include(): Failed opening '../vendor/autoload.php' for inclusion (include_path='.:/usr/share/php') in /var/www/credit-management-latest/Classes/UserAuth.php on line 2
[02-Mar-2025 18:33:05 UTC] PHP Fatal error:  Uncaught Error: Class "Kint\Kint" not found in /var/www/credit-management-latest/Classes/UserAuth.php:21
Stack trace:
#0 /var/www/credit-management-latest/login.php(32): UserAuth::login()
#1 {main}
  thrown in /var/www/credit-management-latest/Classes/UserAuth.php on line 21
[02-Mar-2025 19:22:43 UTC] PHP Warning:  Undefined variable $email in /var/www/credit-management-latest/login.php on line 66
[02-Mar-2025 19:22:43 UTC] PHP Deprecated:  urlencode(): Passing null to parameter #1 ($string) of type string is deprecated in /var/www/credit-management-latest/login.php on line 66
[02-Mar-2025 19:22:47 UTC] PHP Warning:  Undefined variable $email in /var/www/credit-management-latest/login.php on line 66
[02-Mar-2025 19:22:47 UTC] PHP Deprecated:  urlencode(): Passing null to parameter #1 ($string) of type string is deprecated in /var/www/credit-management-latest/login.php on line 66
[02-Mar-2025 19:22:49 UTC] PHP Warning:  Undefined variable $email in /var/www/credit-management-latest/login.php on line 66
[02-Mar-2025 19:22:49 UTC] PHP Deprecated:  urlencode(): Passing null to parameter #1 ($string) of type string is deprecated in /var/www/credit-management-latest/login.php on line 66
[02-Mar-2025 19:22:49 UTC] PHP Warning:  Undefined variable $email in /var/www/credit-management-latest/login.php on line 66
[02-Mar-2025 19:22:49 UTC] PHP Deprecated:  urlencode(): Passing null to parameter #1 ($string) of type string is deprecated in /var/www/credit-management-latest/login.php on line 66
[02-Mar-2025 19:22:50 UTC] PHP Warning:  Undefined variable $email in /var/www/credit-management-latest/login.php on line 66
[02-Mar-2025 19:22:50 UTC] PHP Deprecated:  urlencode(): Passing null to parameter #1 ($string) of type string is deprecated in /var/www/credit-management-latest/login.php on line 66
[02-Mar-2025 19:22:50 UTC] PHP Warning:  Undefined variable $email in /var/www/credit-management-latest/login.php on line 66
[02-Mar-2025 19:22:50 UTC] PHP Deprecated:  urlencode(): Passing null to parameter #1 ($string) of type string is deprecated in /var/www/credit-management-latest/login.php on line 66
[02-Mar-2025 19:27:44 UTC] PHP Warning:  Undefined array key "user_verified" in /var/www/credit-management-latest/login.php on line 62
[02-Mar-2025 19:27:54 UTC] PHP Warning:  Undefined array key "user_verified" in /var/www/credit-management-latest/login.php on line 62
[02-Mar-2025 19:29:01 UTC] PHP Warning:  Undefined array key "user_verified" in /var/www/credit-management-latest/login.php on line 62
[02-Mar-2025 19:29:01 UTC] PHP Warning:  Undefined array key "user_verified" in /var/www/credit-management-latest/login.php on line 63
