[2025-02-18 22:11:23] Starting contribution success processing
[2025-02-18 22:11:23] Processing session - Data: {
    "session_id": "cs_test_a1AIolWeJjiEDDrXp2ELZjBuJWBXVghIYJgVzpZOVZhx4LFMulGcTSRZOe"
}
[2025-02-18 22:11:23] Contribution processed successfully - Data: {
    "loan_id": "107",
    "amount": 140
}
[2025-02-18 22:19:29] Starting contribution success processing
[2025-02-18 22:19:29] Processing session - Data: {
    "session_id": "cs_test_a1zuXn3TXC9oI0AuJcY7VK3C6gpfPng1WSCsBcn7aniHcdizWLzTZ42saq"
}
[2025-02-18 22:19:29] Contribution processed successfully - Data: {
    "loan_id": "107",
    "amount": 100,
    "percentage": "5"
}
[2025-02-18 22:22:59] Starting contribution success processing
[2025-02-18 22:22:59] Processing session - Data: {
    "session_id": "cs_test_a1foA7aSJzIsUDJHZdSL6cHWFyzDwVgyk1Lg8ikDUV4ZbOSOyUMHVgTTN6"
}
[2025-02-18 22:23:01] Contribution processed successfully - Data: {
    "loan_id": "107",
    "amount": 320,
    "percentage": "16"
}
[2025-02-18 22:48:37] Starting contribution success processing
[2025-02-18 22:48:37] Processing session - Data: {
    "session_id": "cs_test_a1jK7cc0xu3ZYduWI7jfUzbKnImLMUxtJX8YoIM5vHXzyg35O6gLNlwGbq"
}
[2025-02-18 22:48:39] Contribution processed successfully - Data: {
    "loan_id": "106",
    "amount": 4000,
    "percentage": "80"
}
[2025-02-18 23:05:41] Starting contribution success processing
[2025-02-18 23:05:41] Processing session - Data: {
    "session_id": "cs_test_a1gXLVqjsp4yisVCuVboV0dJuTb1fx5q85s2EbMFzAWtuxD16wGxG6psCv"
}
[2025-02-18 23:05:41] Contribution processed successfully - Data: {
    "loan_id": "105",
    "amount": 5000,
    "percentage": "5.38"
}
